<?xml version="1.0" encoding="UTF-8"?>
<testsuite name="ReqResTests" tests="1" skipped="0" failures="0" errors="0" timestamp="2022-07-01T15:30:29" hostname="vale262268-11" time="2.096">
  <properties/>
  <testcase name="loginTest" classname="ReqResTests" time="2.096"/>
  <system-out><![CDATA[Request method:	POST
Request URI:	https://reqres.in/api/login
Proxy:			<none>
Request params:	<none>
Query params:	<none>
Form params:	<none>
Path params:	<none>
Headers:		Accept=*/*
				Content-Type=application/json; charset=UTF-8
Cookies:		<none>
Multiparts:		<none>
Body:
{
    "email": "eve.holt@reqres.in",
    "password": "cityslicka"
}
Request method:	POST
Request URI:	https://reqres.in/api/login
Proxy:			<none>
Request params:	<none>
Query params:	<none>
Form params:	<none>
Path params:	<none>
Headers:		Accept=*/*
				Content-Type=application/json; charset=UTF-8
Cookies:		<none>
Multiparts:		<none>
Body:
{
    "email": "eve.holt@reqres.in",
    "password": "cityslicka"
}
HTTP/1.1 200 OK
Date: Fri, 01 Jul 2022 15:30:31 GMT
Content-Type: application/json; charset=utf-8
Content-Length: 29
Connection: keep-alive
X-Powered-By: Express
Access-Control-Allow-Origin: *
Etag: W/"1d-lGCrvD6B7Qzk11+2C98+nGhhuec"
Via: 1.1 vegur
CF-Cache-Status: DYNAMIC
Expect-CT: max-age=604800, report-uri="https://report-uri.cloudflare.com/cdn-cgi/beacon/expect-ct"
Report-To: {"endpoints":[{"url":"https:\/\/a.nel.cloudflare.com\/report\/v3?s=iolSQS%2Bm4dibzDfiGDNSLM%2Bofjnx22Ix5A9gdnpB5o3tTN9iSaTqtSng%2B7NS%2F%2Floe0sZSlbWh5Gzxpw6D2dp7GI3WeMAork82RaUr95d5je%2BNql7BJa3se4%2F6A%3D%3D"}],"group":"cf-nel","max_age":604800}
NEL: {"success_fraction":0,"report_to":"cf-nel","max_age":604800}
Server: cloudflare
CF-RAY: 72402eed5a393ee1-BOG

{
    "token": "QpwL5tke4Pnpja7X4"
}
HTTP/1.1 200 OK
Date: Fri, 01 Jul 2022 15:30:31 GMT
Content-Type: application/json; charset=utf-8
Content-Length: 29
Connection: keep-alive
X-Powered-By: Express
Access-Control-Allow-Origin: *
Etag: W/"1d-lGCrvD6B7Qzk11+2C98+nGhhuec"
Via: 1.1 vegur
CF-Cache-Status: DYNAMIC
Expect-CT: max-age=604800, report-uri="https://report-uri.cloudflare.com/cdn-cgi/beacon/expect-ct"
Report-To: {"endpoints":[{"url":"https:\/\/a.nel.cloudflare.com\/report\/v3?s=iolSQS%2Bm4dibzDfiGDNSLM%2Bofjnx22Ix5A9gdnpB5o3tTN9iSaTqtSng%2B7NS%2F%2Floe0sZSlbWh5Gzxpw6D2dp7GI3WeMAork82RaUr95d5je%2BNql7BJa3se4%2F6A%3D%3D"}],"group":"cf-nel","max_age":604800}
NEL: {"success_fraction":0,"report_to":"cf-nel","max_age":604800}
Server: cloudflare
CF-RAY: 72402eed5a393ee1-BOG

{
    "token": "QpwL5tke4Pnpja7X4"
}
{"token":"QpwL5tke4Pnpja7X4"}
]]></system-out>
  <system-err><![CDATA[]]></system-err>
</testsuite>
